make all --print-data-base --no-builtin-variables --no-builtin-rules --question
# GNU Make 4.2.1
# Built for x86_64-pc-linux-gnu
# Copyright (C) 1988-2016 Free Software Foundation, Inc.
# License GPLv3+: GNU GPL version 3 or later <http://gnu.org/licenses/gpl.html>
# This is free software: you are free to change and redistribute it.
# There is NO WARRANTY, to the extent permitted by law.

# Make data base, printed on Thu Jun  8 15:09:13 2023

# Variables

# automatic
<D = $(patsubst %/,%,$(dir $<))
# automatic
?F = $(notdir $?)
# environment
DESKTOP_SESSION = plasma
# default
.SHELLFLAGS := -c
# environment
XDG_SESSION_CLASS = user
# environment
VSCODE_CRASH_REPORTER_PROCESS_TYPE = extensionHost
# environment
SNAP_COMMON = /var/snap/code/common
# environment
XDG_SESSION_TYPE = x11
# automatic
?D = $(patsubst %/,%,$(dir $?))
# environment
GTK_RC_FILES = /etc/gtk/gtkrc:/home/tariq/.gtkrc:/home/tariq/.config/gtkrc
# automatic
@D = $(patsubst %/,%,$(dir $@))
# environment
XAUTHORITY = /run/user/1000/.Xauthority
# automatic
@F = $(notdir $@)
# default
MAKE_VERSION := 4.2.1
# makefile
CURDIR := /home/tariq/GIT/tariqridwan.github.io
# makefile
SHELL = /bin/sh
# environment
SNAP_DATA = /var/snap/code/129
# environment
GIO_MODULE_DIR = /home/tariq/snap/code/common/.cache/gio-modules
# environment
VSCODE_NLS_CONFIG = {"locale":"en-us","osLocale":"en-us","availableLanguages":{},"_languagePackSupport":true}
# environment
_ = /snap/code/129/usr/share/code/code
# environment
QT_AUTO_SCREEN_SCALE_FACTOR = 0
# environment
XDG_CONFIG_DIRS = /etc/xdg/xdg-plasma:/etc/xdg
# environment
SNAP_INSTANCE_NAME = code
# environment
SNAP_ARCH = amd64
# makefile
MAKEFILE_LIST := 
# 'override' directive
GNUMAKEFLAGS := 
# environment
MAKELEVEL := 0
# environment
MANDATORY_PATH = /usr/share/gconf/plasma.mandatory.path
# environment
XDG_DATA_DIRS = /home/tariq/snap/code/129/.local/share:/home/tariq/snap/code/129:/snap/code/129/usr/share:/usr/share/plasma:/usr/local/share:/usr/share:/var/lib/snapd/desktop
# environment
DBUS_SESSION_BUS_ADDRESS = unix:path=/run/user/1000/bus
# environment
XCURSOR_SIZE = 48
# environment
QT_SCREEN_SCALE_FACTORS = eDP-1=1.25;HDMI-1=1.25;DP-1=1.25;DP-2=1.25;
# environment
INFOPATH = /usr/local/texlive/2020/texmf-dist/doc/info:/usr/local/texlive/2020/texmf-dist/doc/info:
# environment
LC_NAME = es_ES.UTF-8
# environment
VSCODE_CWD = /home/tariq/GIT/tariqridwan.github.io
# environment
PAM_KWALLET5_LOGIN = /run/user/1000/kwallet5.socket
# environment
XDG_SESSION_PATH = /org/freedesktop/DisplayManager/Session2
# environment
GSETTINGS_SCHEMA_DIR = /home/tariq/snap/code/129/.local/share/glib-2.0/schemas
# default
MAKE_HOST := x86_64-pc-linux-gnu
# environment
PATH = /path/to/360/bin:/usr/local/texlive/2020/bin/x86_64-linux:/path/to/360/bin:/usr/local/texlive/2020/bin/x86_64-linux:/usr/local/sbin:/usr/local/bin:/usr/sbin:/usr/bin:/sbin:/bin:/usr/games:/usr/local/games:/snap/bin
# environment
GPG_AGENT_INFO = /run/user/1000/gnupg/S.gpg-agent:0:1
# environment
XCURSOR_THEME = breeze_cursors
# environment
SESSION_MANAGER = local/tariq-pc:@/tmp/.ICE-unix/1913,unix/tariq-pc:/tmp/.ICE-unix/1913
# environment
XDG_RUNTIME_DIR = /run/user/1000
# environment
GDK_PIXBUF_MODULE_FILE = /home/tariq/snap/code/common/.cache/gdk-pixbuf-loaders.cache
# environment
SNAP = /snap/code/129
# environment
SNAP_VERSION = b3e4e68a
# environment
ELECTRON_RUN_AS_NODE = 1
# environment
GTK2_RC_FILES = /etc/gtk-2.0/gtkrc:/home/tariq/.gtkrc-2.0:/home/tariq/.config/gtkrc-2.0
# environment
GDK_PIXBUF_MODULEDIR = /snap/code/129/usr/lib/x86_64-linux-gnu/gdk-pixbuf-2.0/2.10.0/loaders
# default
.FEATURES := target-specific order-only second-expansion else-if shortest-stem undefine oneshell archives jobserver output-sync check-symlink load
# environment
ELECTRON_NO_ATTACH_CONSOLE = 1
# environment
XDG_SESSION_DESKTOP = KDE
# environment
SSH_AUTH_SOCK = /tmp/ssh-I9o9Xy5eVGeu/agent.1754
# automatic
%F = $(notdir $%)
# environment
DISPLAY = :0
# environment
PWD = /home/tariq/GIT/tariqridwan.github.io
# environment
KDE_SESSION_VERSION = 5
# default
.LOADED := 
# environment
XDG_SEAT = seat0
# environment
GTK_PATH = /snap/code/129/usr/lib/x86_64-linux-gnu/gtk-3.0
# environment
SSH_AGENT_PID = 1834
# environment
ORIGINAL_XDG_CURRENT_DESKTOP = KDE
# environment
GTK_MODULES = gail:atk-bridge
# environment
MANPATH = /usr/local/texlive/2020/texmf-dist/doc/man:/usr/local/texlive/2020/texmf-dist/doc/man:
# environment
VSCODE_AMD_ENTRYPOINT = vs/workbench/api/node/extensionHostProcess
# environment
HOME = /home/tariq
# environment
VSCODE_CLI = 1
# environment
VSCODE_CODE_CACHE_PATH = /home/tariq/.config/Code/CachedData/b3e4e68a0bc097f0ae7907b217c1119af9e03435
# environment
LOGNAME = tariq
# environment
APPLICATION_INSIGHTS_NO_DIAGNOSTIC_CHANNEL = 1
# environment
SNAP_LIBRARY_PATH = /var/lib/snapd/lib/gl:/var/lib/snapd/lib/gl32:/var/lib/snapd/void
# environment
SNAP_CONTEXT = 8bp2UsRM-b48mlEbecjtq_5DSObN5-_LRg5py7yCHBekhuo08Dc1
# automatic
+F = $(notdir $+)
# environment
KDE_FULL_SESSION = true
# environment
SNAP_LAUNCHER_ARCH_TRIPLET = x86_64-linux-gnu
# environment
SNAP_USER_COMMON = /home/tariq/snap/code/common
# environment
VSCODE_HANDLES_UNCAUGHT_ERRORS = true
# automatic
^D = $(patsubst %/,%,$(dir $^))
# environment
XDG_VTNR = 1
# environment
LC_TIME = en_US.UTF-8
# environment
SNAP_REAL_HOME = /home/tariq
# default
MAKE = $(MAKE_COMMAND)
# default
MAKECMDGOALS := all
# environment
SNAP_USER_DATA = /home/tariq/snap/code/129
# environment
SHLVL = 0
# environment
XDG_SESSION_ID = 3
# environment
USER = tariq
# environment
SNAP_REVISION = 129
# environment
LC_MONETARY = ca_ES.UTF-8
# makefile
.DEFAULT_GOAL := 
# environment
XDG_CURRENT_DESKTOP = KDE
# automatic
%D = $(patsubst %/,%,$(dir $%))
# environment
LC_TELEPHONE = es_ES.UTF-8
# default
MAKE_COMMAND := make
# default
.VARIABLES := 
# automatic
*F = $(notdir $*)
# environment
GTK_EXE_PREFIX = /snap/code/129/usr
# environment
XDG_SEAT_PATH = /org/freedesktop/DisplayManager/Seat0
# environment
VSCODE_IPC_HOOK = /run/user/1000/vscode-c929f1a7-1.78-main.sock
# environment
BAMF_DESKTOP_FILE_HINT = /var/lib/snapd/desktop/applications/code_code.desktop
# makefile
MAKEFLAGS = pqrR
# environment
MFLAGS = -pqrR
# automatic
*D = $(patsubst %/,%,$(dir $*))
# environment
GTK_IM_MODULE_FILE = /home/tariq/snap/code/common/.cache/immodules/immodules.cache
# automatic
+D = $(patsubst %/,%,$(dir $+))
# environment
VSCODE_L10N_BUNDLE_LOCATION = 
# environment
GDK_BACKEND = x11
# environment
LC_PAPER = es_ES.UTF-8
# environment
QT_ACCESSIBILITY = 1
# environment
DEFAULTS_PATH = /usr/share/gconf/plasma.default.path
# default
MAKEFILES := 
# environment
SNAP_COOKIE = 8bp2UsRM-b48mlEbecjtq_5DSObN5-_LRg5py7yCHBekhuo08Dc1
# environment
LC_NUMERIC = en_US.UTF-8
# automatic
<F = $(notdir $<)
# environment
LC_MEASUREMENT = ca_ES.UTF-8
# environment
SNAP_NAME = code
# environment
LC_ALL = C
# automatic
^F = $(notdir $^)
# default
SUFFIXES := 
# environment
CHROME_DESKTOP = code-url-handler.desktop
# environment
LOCPATH = /snap/code/129/usr/lib/locale
# default
.INCLUDE_DIRS = /usr/include /usr/local/include /usr/include
# environment
LC_IDENTIFICATION = es_ES.UTF-8
# default
.RECIPEPREFIX := 
# environment
LC_ADDRESS = es_ES.UTF-8
# environment
LANG = C
# environment
VSCODE_PID = 9236
# environment
KDE_SESSION_UID = 1000
# variable set hash-table stats:
# Load=129/1024=13%, Rehash=0, Collisions=15/151=10%

# Pattern-specific Variable Values

# No pattern-specific variable values.

# Directories

# . (device 66306, inode 6952732): 8 files, no impossibilities.

# 8 files, no impossibilities in 1 directories.

# Implicit Rules

# No implicit rules.

# Files

# Not a target:
 
make: *** No rule to make target 'all'.  Stop.

all:
#  Command line target.
#  Implicit rule search has been done.
#  File does not exist.
#  File has not been updated.

# Not a target:
Makefile:
#  Implicit rule search has been done.
#  File does not exist.
#  File has been updated.
#  Failed to be updated.

# Not a target:
makefile:
#  Implicit rule search has been done.
#  File does not exist.
#  File has been updated.
#  Failed to be updated.

# Not a target:
.DEFAULT:
#  Implicit rule search has not been done.
#  Modification time never checked.
#  File has not been updated.

# Not a target:
GNUmakefile:
#  Implicit rule search has been done.
#  File does not exist.
#  File has been updated.
#  Failed to be updated.

# files hash-table stats:
# Load=6/1024=1%, Rehash=0, Collisions=0/15=0%
# VPATH Search Paths

# No 'vpath' search paths.

# No general ('VPATH' variable) search path.

# strcache buffers: 1 (0) / strings = 16 / storage = 139 B / avg = 8 B
# current buf: size = 8162 B / used = 139 B / count = 16 / avg = 8 B

# strcache performance: lookups = 19 / hit rate = 15%
# hash-table stats:
# Load=16/8192=0%, Rehash=0, Collisions=1/19=5%
# Finished Make data base on Thu Jun  8 15:09:13 2023

 
